#-----------------------------------------------------------
# Vivado v2018.3 (64-bit)
# SW Build 2405991 on Thu Dec  6 23:38:27 MST 2018
# IP Build 2404404 on Fri Dec  7 01:43:56 MST 2018
# Start of session at: Wed Jul 24 16:25:37 2019
# Process ID: 2988
# Current directory: C:/Users/ASUS/Desktop/ELO212/exp_6
# Command line: vivado.exe -gui_launcher_event rodinguilauncherevent2004 C:\Users\ASUS\Desktop\ELO212\exp_6\exp_6.xpr
# Log file: C:/Users/ASUS/Desktop/ELO212/exp_6/vivado.log
# Journal file: C:/Users/ASUS/Desktop/ELO212/exp_6\vivado.jou
#-----------------------------------------------------------
start_gui
open_project C:/Users/ASUS/Desktop/ELO212/exp_6/exp_6.xpr
Scanning sources...
Finished scanning sources
INFO: [IP_Flow 19-234] Refreshing IP repositories
INFO: [IP_Flow 19-1704] No user IP repositories specified
INFO: [IP_Flow 19-2313] Loaded Vivado IP repository 'C:/Xilinx/Vivado/2018.3/data/ip'.
open_project: Time (s): cpu = 00:00:18 ; elapsed = 00:00:26 . Memory (MB): peak = 640.020 ; gain = 74.957
update_compile_order -fileset sources_1
export_ip_user_files -of_objects  [get_files C:/Users/ASUS/Desktop/ELO212/exp_6/exp_6.srcs/sources_1/new/bin_to_bcd.sv] -no_script -reset -force -quiet
remove_files  C:/Users/ASUS/Desktop/ELO212/exp_6/exp_6.srcs/sources_1/new/bin_to_bcd.sv
add_files -norecurse C:/Users/ASUS/Desktop/ELO212/exp_5/LUT/LUT.srcs/sources_1/new/lut.sv
update_compile_order -fileset sources_1
export_ip_user_files -of_objects  [get_files C:/Users/ASUS/Desktop/ELO212/exp_6/exp_6.srcs/sources_1/new/display_driver.sv] -no_script -reset -force -quiet
remove_files  C:/Users/ASUS/Desktop/ELO212/exp_6/exp_6.srcs/sources_1/new/display_driver.sv
close [ open C:/Users/ASUS/Desktop/ELO212/exp_6/exp_6.srcs/sources_1/new/4_bit_bin_to_hex.sv w ]
add_files C:/Users/ASUS/Desktop/ELO212/exp_6/exp_6.srcs/sources_1/new/4_bit_bin_to_hex.sv
update_compile_order -fileset sources_1
close [ open C:/Users/ASUS/Desktop/ELO212/exp_6/exp_6.srcs/sources_1/new/Mux_32_4.sv w ]
add_files C:/Users/ASUS/Desktop/ELO212/exp_6/exp_6.srcs/sources_1/new/Mux_32_4.sv
update_compile_order -fileset sources_1
exit
INFO: [Common 17-206] Exiting Vivado at Wed Jul 24 22:04:36 2019...
