#-----------------------------------------------------------
# Vivado v2018.3 (64-bit)
# SW Build 2405991 on Thu Dec  6 23:38:27 MST 2018
# IP Build 2404404 on Fri Dec  7 01:43:56 MST 2018
# Start of session at: Wed Jul 17 18:25:20 2019
# Process ID: 1400
# Current directory: C:/Users/ASUS/Desktop/ELO212/exp_6
# Command line: vivado.exe -gui_launcher_event rodinguilauncherevent9068 C:\Users\ASUS\Desktop\ELO212\exp_6\exp_6.xpr
# Log file: C:/Users/ASUS/Desktop/ELO212/exp_6/vivado.log
# Journal file: C:/Users/ASUS/Desktop/ELO212/exp_6\vivado.jou
#-----------------------------------------------------------
start_gui
open_project C:/Users/ASUS/Desktop/ELO212/exp_6/exp_6.xpr
Scanning sources...
Finished scanning sources
INFO: [IP_Flow 19-234] Refreshing IP repositories
INFO: [IP_Flow 19-1704] No user IP repositories specified
INFO: [IP_Flow 19-2313] Loaded Vivado IP repository 'C:/Xilinx/Vivado/2018.3/data/ip'.
open_project: Time (s): cpu = 00:00:17 ; elapsed = 00:00:27 . Memory (MB): peak = 631.000 ; gain = 61.605
update_compile_order -fileset sources_1
exit
INFO: [Common 17-206] Exiting Vivado at Wed Jul 17 19:08:19 2019...
