#-----------------------------------------------------------
# Vivado v2018.3 (64-bit)
# SW Build 2405991 on Thu Dec  6 23:38:27 MST 2018
# IP Build 2404404 on Fri Dec  7 01:43:56 MST 2018
# Start of session at: Wed Jul 24 23:21:28 2019
# Process ID: 8560
# Current directory: C:/Users/ASUS/Desktop/ELO212/exp_6
# Command line: vivado.exe -gui_launcher_event rodinguilauncherevent7280 C:\Users\ASUS\Desktop\ELO212\exp_6\exp_6.xpr
# Log file: C:/Users/ASUS/Desktop/ELO212/exp_6/vivado.log
# Journal file: C:/Users/ASUS/Desktop/ELO212/exp_6\vivado.jou
#-----------------------------------------------------------
start_gui
open_project C:/Users/ASUS/Desktop/ELO212/exp_6/exp_6.xpr
Scanning sources...
Finished scanning sources
INFO: [IP_Flow 19-234] Refreshing IP repositories
INFO: [IP_Flow 19-1704] No user IP repositories specified
INFO: [IP_Flow 19-2313] Loaded Vivado IP repository 'C:/Xilinx/Vivado/2018.3/data/ip'.
open_project: Time (s): cpu = 00:00:16 ; elapsed = 00:00:21 . Memory (MB): peak = 653.680 ; gain = 97.828
update_compile_order -fileset sources_1
create_project {display driver} {C:/Users/ASUS/Desktop/ELO212/display driver} -part xc7a100tcsg324-1
INFO: [IP_Flow 19-234] Refreshing IP repositories
INFO: [IP_Flow 19-1704] No user IP repositories specified
INFO: [IP_Flow 19-2313] Loaded Vivado IP repository 'C:/Xilinx/Vivado/2018.3/data/ip'.
create_project: Time (s): cpu = 00:00:13 ; elapsed = 00:00:13 . Memory (MB): peak = 727.539 ; gain = 32.457
file mkdir C:/Users/ASUS/Desktop/ELO212/display driver/display driver.srcs/sources_1/new
file mkdir C:/Users/ASUS/Desktop/ELO212/display driver/display driver.srcs/sources_1/new
file mkdir C:/Users/ASUS/Desktop/ELO212/display driver/display driver.srcs/sources_1/new
file mkdir {C:/Users/ASUS/Desktop/ELO212/display driver/display driver.srcs/sources_1/new}
close [ open {C:/Users/ASUS/Desktop/ELO212/display driver/display driver.srcs/sources_1/new/FPGS_display_driver.sv} w ]
add_files {{C:/Users/ASUS/Desktop/ELO212/display driver/display driver.srcs/sources_1/new/FPGS_display_driver.sv}}
add_files -fileset constrs_1 -norecurse C:/Users/ASUS/Desktop/ELO212/Nexys4DDR_Master.xdc
update_compile_order -fileset sources_1
add_files -norecurse {C:/Users/ASUS/Desktop/ELO212/exp_6/exp_6.srcs/sources_1/new/Mux_32_4.sv C:/Users/ASUS/Desktop/ELO212/exp_6/exp_6.srcs/sources_1/new/4_bit_bin_to_hex.sv C:/Users/ASUS/Desktop/ELO212/exp_5/LUT/LUT.srcs/sources_1/new/lut.sv}
update_compile_order -fileset sources_1
close [ open {C:/Users/ASUS/Desktop/ELO212/display driver/display driver.srcs/sources_1/new/3_bit_counter.sv} w ]
add_files {{C:/Users/ASUS/Desktop/ELO212/display driver/display driver.srcs/sources_1/new/3_bit_counter.sv}}
update_compile_order -fileset sources_1
export_ip_user_files -of_objects  [get_files {{C:/Users/ASUS/Desktop/ELO212/display driver/display driver.srcs/sources_1/new/3_bit_counter.sv}}] -no_script -reset -force -quiet
remove_files  {{C:/Users/ASUS/Desktop/ELO212/display driver/display driver.srcs/sources_1/new/3_bit_counter.sv}}
close [ open {C:/Users/ASUS/Desktop/ELO212/display driver/display driver.srcs/sources_1/new/3bit_counter.sv} w ]
add_files {{C:/Users/ASUS/Desktop/ELO212/display driver/display driver.srcs/sources_1/new/3bit_counter.sv}}
update_compile_order -fileset sources_1
export_ip_user_files -of_objects  [get_files {{C:/Users/ASUS/Desktop/ELO212/display driver/display driver.srcs/sources_1/new/3bit_counter.sv}}] -no_script -reset -force -quiet
remove_files  {{C:/Users/ASUS/Desktop/ELO212/display driver/display driver.srcs/sources_1/new/3bit_counter.sv}}
close [ open {C:/Users/ASUS/Desktop/ELO212/display driver/display driver.srcs/sources_1/new/counter.sv} w ]
add_files {{C:/Users/ASUS/Desktop/ELO212/display driver/display driver.srcs/sources_1/new/counter.sv}}
update_compile_order -fileset sources_1
current_project exp_6
current_project {display driver}
current_project exp_6
current_project {display driver}
current_project exp_6
current_project {display driver}
current_project exp_6
current_project {display driver}
current_project exp_6
current_project {display driver}
current_project exp_6
current_project {display driver}
current_project exp_6
export_ip_user_files -of_objects  [get_files C:/Users/ASUS/Desktop/ELO212/exp_5/LUT/LUT.srcs/sources_1/new/lut.sv] -no_script -reset -force -quiet
remove_files  C:/Users/ASUS/Desktop/ELO212/exp_5/LUT/LUT.srcs/sources_1/new/lut.sv
export_ip_user_files -of_objects  [get_files C:/Users/ASUS/Desktop/ELO212/exp_6/exp_6.srcs/sources_1/new/4_bit_bin_to_hex.sv] -no_script -reset -force -quiet
remove_files  C:/Users/ASUS/Desktop/ELO212/exp_6/exp_6.srcs/sources_1/new/4_bit_bin_to_hex.sv
export_ip_user_files -of_objects  [get_files C:/Users/ASUS/Desktop/ELO212/exp_6/exp_6.srcs/sources_1/new/Mux_32_4.sv] -no_script -reset -force -quiet
remove_files  C:/Users/ASUS/Desktop/ELO212/exp_6/exp_6.srcs/sources_1/new/Mux_32_4.sv
add_files -norecurse {{C:/Users/ASUS/Desktop/ELO212/display driver/display driver.srcs/sources_1/new/FPGS_display_driver.sv}}
update_compile_order -fileset sources_1
add_files -norecurse {{C:/Users/ASUS/Desktop/ELO212/display driver/display driver.srcs/sources_1/new/counter.sv} C:/Users/ASUS/Desktop/ELO212/exp_5/LUT/LUT.srcs/sources_1/new/lut.sv}
update_compile_order -fileset sources_1
current_project {display driver}
add_files -norecurse C:/Users/ASUS/Desktop/ELO212/exp_6/exp_6.srcs/sources_1/new/Mux_32_4.sv
WARNING: [filemgmt 56-12] File 'C:/Users/ASUS/Desktop/ELO212/exp_6/exp_6.srcs/sources_1/new/Mux_32_4.sv' cannot be added to the project because it already exists in the project, skipping this file
current_project exp_6
current_project {display driver}
update_compile_order -fileset sources_1
current_project exp_6
current_project {display driver}
current_project exp_6
current_project {display driver}
current_project exp_6
export_ip_user_files -of_objects  [get_files {{C:/Users/ASUS/Desktop/ELO212/display driver/display driver.srcs/sources_1/new/FPGS_display_driver.sv}}] -no_script -reset -force -quiet
remove_files  {{C:/Users/ASUS/Desktop/ELO212/display driver/display driver.srcs/sources_1/new/FPGS_display_driver.sv}}
export_ip_user_files -of_objects  [get_files {{C:/Users/ASUS/Desktop/ELO212/display driver/display driver.srcs/sources_1/new/counter.sv}}] -no_script -reset -force -quiet
remove_files  {{C:/Users/ASUS/Desktop/ELO212/display driver/display driver.srcs/sources_1/new/counter.sv}}
export_ip_user_files -of_objects  [get_files C:/Users/ASUS/Desktop/ELO212/exp_5/LUT/LUT.srcs/sources_1/new/lut.sv] -no_script -reset -force -quiet
remove_files  C:/Users/ASUS/Desktop/ELO212/exp_5/LUT/LUT.srcs/sources_1/new/lut.sv
add_files -norecurse {{C:/Users/ASUS/Desktop/ELO212/display driver/display driver.srcs/sources_1/new/FPGS_display_driver.sv}}
update_compile_order -fileset sources_1
add_files -norecurse {C:/Users/ASUS/Desktop/ELO212/exp_6/exp_6.srcs/sources_1/new/Mux_32_4.sv {C:/Users/ASUS/Desktop/ELO212/display driver/display driver.srcs/sources_1/new/counter.sv} C:/Users/ASUS/Desktop/ELO212/exp_5/LUT/LUT.srcs/sources_1/new/lut.sv C:/Users/ASUS/Desktop/ELO212/exp_6/exp_6.srcs/sources_1/new/4_bit_bin_to_hex.sv}
update_compile_order -fileset sources_1
current_project {display driver}
current_project exp_6
current_project {display driver}
close_project
close [ open C:/Users/ASUS/Desktop/ELO212/exp_6/exp_6.srcs/sources_1/new/debouncer_FSM.sv w ]
add_files C:/Users/ASUS/Desktop/ELO212/exp_6/exp_6.srcs/sources_1/new/debouncer_FSM.sv
close [ open C:/Users/ASUS/Desktop/ELO212/exp_6/exp_6.srcs/sources_1/new/debouncer_counter.sv w ]
add_files C:/Users/ASUS/Desktop/ELO212/exp_6/exp_6.srcs/sources_1/new/debouncer_counter.sv
update_compile_order -fileset sources_1
export_ip_user_files -of_objects  [get_files C:/Users/ASUS/Desktop/ELO212/exp_6/exp_6.srcs/sources_1/new/debouncer_counter.sv] -no_script -reset -force -quiet
remove_files  C:/Users/ASUS/Desktop/ELO212/exp_6/exp_6.srcs/sources_1/new/debouncer_counter.sv
close [ open C:/Users/ASUS/Desktop/ELO212/exp_6/exp_6.srcs/sources_1/new/debouncer_count.sv w ]
add_files C:/Users/ASUS/Desktop/ELO212/exp_6/exp_6.srcs/sources_1/new/debouncer_count.sv
update_compile_order -fileset sources_1
exit
INFO: [Common 17-206] Exiting Vivado at Thu Jul 25 01:29:16 2019...
